This is pdfTeX, Version 3.1415926-2.4-1.40.13 (TeX Live 2012) (format=pdflatex 2012.6.30)  24 NOV 2015 16:59
entering extended mode
 restricted \write18 enabled.
 file:line:error style messages enabled.
 %&-line parsing enabled.
**thesis.tex
(./thesis.tex
LaTeX2e <2011/06/27>
Babel <v3.8m> and hyphenation patterns for english, dumylang, nohyphenation, ge
rman-x-2012-05-30, ngerman-x-2012-05-30, afrikaans, ancientgreek, ibycus, arabi
c, armenian, basque, bulgarian, catalan, pinyin, coptic, croatian, czech, danis
h, dutch, ukenglish, usenglishmax, esperanto, estonian, ethiopic, farsi, finnis
h, french, friulan, galician, german, ngerman, swissgerman, monogreek, greek, h
ungarian, icelandic, assamese, bengali, gujarati, hindi, kannada, malayalam, ma
rathi, oriya, panjabi, tamil, telugu, indonesian, interlingua, irish, italian, 
kurmanji, latin, latvian, lithuanian, mongolian, mongolianlmc, bokmal, nynorsk,
 polish, portuguese, romanian, romansh, russian, sanskrit, serbian, serbianc, s
lovak, slovenian, spanish, swedish, turkish, turkmen, ukrainian, uppersorbian, 
welsh, loaded.
(/usr/local/texlive/2012/texmf-dist/tex/latex/base/report.cls
Document Class: report 2007/10/19 v1.4h Standard LaTeX document class
(/usr/local/texlive/2012/texmf-dist/tex/latex/base/size11.clo
File: size11.clo 2007/10/19 v1.4h Standard LaTeX file (size option)
)
\c@part=\count79
\c@chapter=\count80
\c@section=\count81
\c@subsection=\count82
\c@subsubsection=\count83
\c@paragraph=\count84
\c@subparagraph=\count85
\c@figure=\count86
\c@table=\count87
\abovecaptionskip=\skip41
\belowcaptionskip=\skip42
\bibindent=\dimen102
)
(/usr/local/texlive/2012/texmf-dist/tex/latex/geometry/geometry.sty
Package: geometry 2010/09/12 v5.6 Page Geometry

(/usr/local/texlive/2012/texmf-dist/tex/latex/graphics/keyval.sty
Package: keyval 1999/03/16 v1.13 key=value parser (DPC)
\KV@toks@=\toks14
)
(/usr/local/texlive/2012/texmf-dist/tex/generic/oberdiek/ifpdf.sty
Package: ifpdf 2011/01/30 v2.3 Provides the ifpdf switch (HO)
Package ifpdf Info: pdfTeX in PDF mode is detected.
)
(/usr/local/texlive/2012/texmf-dist/tex/generic/oberdiek/ifvtex.sty
Package: ifvtex 2010/03/01 v1.5 Detect VTeX and its facilities (HO)
Package ifvtex Info: VTeX not detected.
)
(/usr/local/texlive/2012/texmf-dist/tex/generic/ifxetex/ifxetex.sty
Package: ifxetex 2010/09/12 v0.6 Provides ifxetex conditional
)
\Gm@cnth=\count88
\Gm@cntv=\count89
\c@Gm@tempcnt=\count90
\Gm@bindingoffset=\dimen103
\Gm@wd@mp=\dimen104
\Gm@odd@mp=\dimen105
\Gm@even@mp=\dimen106
\Gm@layoutwidth=\dimen107
\Gm@layoutheight=\dimen108
\Gm@layouthoffset=\dimen109
\Gm@layoutvoffset=\dimen110
\Gm@dimlist=\toks15
)
(./natbib.sty
Package: natbib 2006/03/22 7.3 (PWD)
\bibhang=\skip43
\bibsep=\skip44
LaTeX Info: Redefining \cite on input line 541.
\c@NAT@ctr=\count91
) (/usr/local/texlive/2012/texmf-dist/tex/latex/url/url.sty
\Urlmuskip=\muskip10
Package: url 2006/04/12  ver 3.3  Verb mode for urls, etc.
)
(/usr/local/texlive/2012/texmf-dist/tex/latex/setspace/setspace.sty
Package: setspace 2011/12/19 v6.7a set line spacing
)
(/usr/local/texlive/2012/texmf-dist/tex/latex/fancyhdr/fancyhdr.sty
\fancy@headwidth=\skip45
\f@ncyO@elh=\skip46
\f@ncyO@erh=\skip47
\f@ncyO@olh=\skip48
\f@ncyO@orh=\skip49
\f@ncyO@elf=\skip50
\f@ncyO@erf=\skip51
\f@ncyO@olf=\skip52
\f@ncyO@orf=\skip53
)
(/usr/local/texlive/2012/texmf-dist/tex/latex/graphics/graphicx.sty
Package: graphicx 1999/02/16 v1.0f Enhanced LaTeX Graphics (DPC,SPQR)

(/usr/local/texlive/2012/texmf-dist/tex/latex/graphics/graphics.sty
Package: graphics 2009/02/05 v1.0o Standard LaTeX Graphics (DPC,SPQR)

(/usr/local/texlive/2012/texmf-dist/tex/latex/graphics/trig.sty
Package: trig 1999/03/16 v1.09 sin cos tan (DPC)
)
(/usr/local/texlive/2012/texmf-dist/tex/latex/latexconfig/graphics.cfg
File: graphics.cfg 2010/04/23 v1.9 graphics configuration of TeX Live
)
Package graphics Info: Driver file: pdftex.def on input line 91.

(/usr/local/texlive/2012/texmf-dist/tex/latex/pdftex-def/pdftex.def
File: pdftex.def 2011/05/27 v0.06d Graphics/color for pdfTeX

(/usr/local/texlive/2012/texmf-dist/tex/generic/oberdiek/infwarerr.sty
Package: infwarerr 2010/04/08 v1.3 Providing info/warning/error messages (HO)
)
(/usr/local/texlive/2012/texmf-dist/tex/generic/oberdiek/ltxcmds.sty
Package: ltxcmds 2011/11/09 v1.22 LaTeX kernel commands for general use (HO)
)
\Gread@gobject=\count92
))
\Gin@req@height=\dimen111
\Gin@req@width=\dimen112
)
(/usr/local/texlive/2012/texmf-dist/tex/latex/base/makeidx.sty
Package: makeidx 2000/03/29 v1.0m Standard LaTeX package
)
(/usr/local/texlive/2012/texmf-dist/tex/latex/amsmath/amsmath.sty
Package: amsmath 2000/07/18 v2.13 AMS math features
\@mathmargin=\skip54

For additional information on amsmath, use the `?' option.
(/usr/local/texlive/2012/texmf-dist/tex/latex/amsmath/amstext.sty
Package: amstext 2000/06/29 v2.01

(/usr/local/texlive/2012/texmf-dist/tex/latex/amsmath/amsgen.sty
File: amsgen.sty 1999/11/30 v2.0
\@emptytoks=\toks16
\ex@=\dimen113
))
(/usr/local/texlive/2012/texmf-dist/tex/latex/amsmath/amsbsy.sty
Package: amsbsy 1999/11/29 v1.2d
\pmbraise@=\dimen114
)
(/usr/local/texlive/2012/texmf-dist/tex/latex/amsmath/amsopn.sty
Package: amsopn 1999/12/14 v2.01 operator names
)
\inf@bad=\count93
LaTeX Info: Redefining \frac on input line 211.
\uproot@=\count94
\leftroot@=\count95
LaTeX Info: Redefining \overline on input line 307.
\classnum@=\count96
\DOTSCASE@=\count97
LaTeX Info: Redefining \ldots on input line 379.
LaTeX Info: Redefining \dots on input line 382.
LaTeX Info: Redefining \cdots on input line 467.
\Mathstrutbox@=\box26
\strutbox@=\box27
\big@size=\dimen115
LaTeX Font Info:    Redeclaring font encoding OML on input line 567.
LaTeX Font Info:    Redeclaring font encoding OMS on input line 568.
\macc@depth=\count98
\c@MaxMatrixCols=\count99
\dotsspace@=\muskip11
\c@parentequation=\count100
\dspbrk@lvl=\count101
\tag@help=\toks17
\row@=\count102
\column@=\count103
\maxfields@=\count104
\andhelp@=\toks18
\eqnshift@=\dimen116
\alignsep@=\dimen117
\tagshift@=\dimen118
\tagwidth@=\dimen119
\totwidth@=\dimen120
\lineht@=\dimen121
\@envbody=\toks19
\multlinegap=\skip55
\multlinetaggap=\skip56
\mathdisplay@stack=\toks20
LaTeX Info: Redefining \[ on input line 2666.
LaTeX Info: Redefining \] on input line 2667.
)
(/usr/local/texlive/2012/texmf-dist/tex/latex/caption/caption.sty
Package: caption 2012/02/19 v3.2f Customizing captions (AR)

(/usr/local/texlive/2012/texmf-dist/tex/latex/caption/caption3.sty
Package: caption3 2012/01/12 v1.4b caption3 kernel (AR)
\captionmargin=\dimen122
\captionmargin@=\dimen123
\captionwidth=\dimen124
\caption@indent=\dimen125
\caption@parindent=\dimen126
\caption@hangindent=\dimen127
)
\c@ContinuedFloat=\count105
)
(/usr/local/texlive/2012/texmf-dist/tex/latex/caption/subcaption.sty
Package: subcaption 2012/01/12 v1.1d Sub-captions (AR)
\c@subfigure=\count106
\c@subtable=\count107
)
(/usr/local/texlive/2012/texmf-dist/tex/latex/txfonts/txfonts.sty
Package: txfonts 2008/01/22 v3.2.1
LaTeX Font Info:    Redeclaring symbol font `operators' on input line 21.
LaTeX Font Info:    Overwriting symbol font `operators' in version `normal'
(Font)                  OT1/cmr/m/n --> OT1/txr/m/n on input line 21.
LaTeX Font Info:    Overwriting symbol font `operators' in version `bold'
(Font)                  OT1/cmr/bx/n --> OT1/txr/m/n on input line 21.
LaTeX Font Info:    Overwriting symbol font `operators' in version `bold'
(Font)                  OT1/txr/m/n --> OT1/txr/bx/n on input line 22.
\symitalic=\mathgroup4
LaTeX Font Info:    Overwriting symbol font `italic' in version `bold'
(Font)                  OT1/txr/m/it --> OT1/txr/bx/it on input line 26.
LaTeX Font Info:    Redeclaring math alphabet \mathbf on input line 29.
LaTeX Font Info:    Overwriting math alphabet `\mathbf' in version `normal'
(Font)                  OT1/cmr/bx/n --> OT1/txr/bx/n on input line 29.
LaTeX Font Info:    Overwriting math alphabet `\mathbf' in version `bold'
(Font)                  OT1/cmr/bx/n --> OT1/txr/bx/n on input line 29.
LaTeX Font Info:    Redeclaring math alphabet \mathit on input line 30.
LaTeX Font Info:    Overwriting math alphabet `\mathit' in version `normal'
(Font)                  OT1/cmr/m/it --> OT1/txr/m/it on input line 30.
LaTeX Font Info:    Overwriting math alphabet `\mathit' in version `bold'
(Font)                  OT1/cmr/bx/it --> OT1/txr/m/it on input line 30.
LaTeX Font Info:    Overwriting math alphabet `\mathit' in version `bold'
(Font)                  OT1/txr/m/it --> OT1/txr/bx/it on input line 31.
LaTeX Font Info:    Redeclaring math alphabet \mathsf on input line 40.
LaTeX Font Info:    Overwriting math alphabet `\mathsf' in version `normal'
(Font)                  OT1/cmss/m/n --> OT1/txss/m/n on input line 40.
LaTeX Font Info:    Overwriting math alphabet `\mathsf' in version `bold'
(Font)                  OT1/cmss/bx/n --> OT1/txss/m/n on input line 40.
LaTeX Font Info:    Overwriting math alphabet `\mathsf' in version `bold'
(Font)                  OT1/txss/m/n --> OT1/txss/b/n on input line 41.
LaTeX Font Info:    Redeclaring math alphabet \mathtt on input line 50.
LaTeX Font Info:    Overwriting math alphabet `\mathtt' in version `normal'
(Font)                  OT1/cmtt/m/n --> OT1/txtt/m/n on input line 50.
LaTeX Font Info:    Overwriting math alphabet `\mathtt' in version `bold'
(Font)                  OT1/cmtt/m/n --> OT1/txtt/m/n on input line 50.
LaTeX Font Info:    Overwriting math alphabet `\mathtt' in version `bold'
(Font)                  OT1/txtt/m/n --> OT1/txtt/b/n on input line 51.
LaTeX Font Info:    Redeclaring symbol font `letters' on input line 58.
LaTeX Font Info:    Overwriting symbol font `letters' in version `normal'
(Font)                  OML/cmm/m/it --> OML/txmi/m/it on input line 58.
LaTeX Font Info:    Overwriting symbol font `letters' in version `bold'
(Font)                  OML/cmm/b/it --> OML/txmi/m/it on input line 58.
LaTeX Font Info:    Overwriting symbol font `letters' in version `bold'
(Font)                  OML/txmi/m/it --> OML/txmi/bx/it on input line 59.
\symlettersA=\mathgroup5
LaTeX Font Info:    Overwriting symbol font `lettersA' in version `bold'
(Font)                  U/txmia/m/it --> U/txmia/bx/it on input line 67.
LaTeX Font Info:    Redeclaring symbol font `symbols' on input line 77.
LaTeX Font Info:    Overwriting symbol font `symbols' in version `normal'
(Font)                  OMS/cmsy/m/n --> OMS/txsy/m/n on input line 77.
LaTeX Font Info:    Overwriting symbol font `symbols' in version `bold'
(Font)                  OMS/cmsy/b/n --> OMS/txsy/m/n on input line 77.
LaTeX Font Info:    Overwriting symbol font `symbols' in version `bold'
(Font)                  OMS/txsy/m/n --> OMS/txsy/bx/n on input line 78.
\symAMSa=\mathgroup6
LaTeX Font Info:    Overwriting symbol font `AMSa' in version `bold'
(Font)                  U/txsya/m/n --> U/txsya/bx/n on input line 94.
\symAMSb=\mathgroup7
LaTeX Font Info:    Overwriting symbol font `AMSb' in version `bold'
(Font)                  U/txsyb/m/n --> U/txsyb/bx/n on input line 103.
\symsymbolsC=\mathgroup8
LaTeX Font Info:    Overwriting symbol font `symbolsC' in version `bold'
(Font)                  U/txsyc/m/n --> U/txsyc/bx/n on input line 113.
LaTeX Font Info:    Redeclaring symbol font `largesymbols' on input line 120.
LaTeX Font Info:    Overwriting symbol font `largesymbols' in version `normal'
(Font)                  OMX/cmex/m/n --> OMX/txex/m/n on input line 120.
LaTeX Font Info:    Overwriting symbol font `largesymbols' in version `bold'
(Font)                  OMX/cmex/m/n --> OMX/txex/m/n on input line 120.
LaTeX Font Info:    Overwriting symbol font `largesymbols' in version `bold'
(Font)                  OMX/txex/m/n --> OMX/txex/bx/n on input line 121.
\symlargesymbolsA=\mathgroup9
LaTeX Font Info:    Overwriting symbol font `largesymbolsA' in version `bold'
(Font)                  U/txexa/m/n --> U/txexa/bx/n on input line 129.
LaTeX Info: Redefining \not on input line 1043.
)
(/usr/local/texlive/2012/texmf-dist/tex/latex/graphics/lscape.sty
Package: lscape 2000/10/22 v3.01 Landscape Pages (DPC)
)
(/usr/local/texlive/2012/texmf-dist/tex/latex/tools/longtable.sty
Package: longtable 2004/02/01 v4.11 Multi-page Table package (DPC)
\LTleft=\skip57
\LTright=\skip58
\LTpre=\skip59
\LTpost=\skip60
\LTchunksize=\count108
\LTcapwidth=\dimen128
\LT@head=\box28
\LT@firsthead=\box29
\LT@foot=\box30
\LT@lastfoot=\box31
\LT@cols=\count109
\LT@rows=\count110
\c@LT@tables=\count111
\c@LT@chunks=\count112
\LT@p@ftn=\toks21
)
(/usr/local/texlive/2012/texmf-dist/tex/latex/units/units.sty
Package: units 1998/08/04 v0.9b Typesetting units

(/usr/local/texlive/2012/texmf-dist/tex/latex/base/ifthen.sty
Package: ifthen 2001/05/26 v1.1c Standard LaTeX ifthen package (DPC)
)
(/usr/local/texlive/2012/texmf-dist/tex/latex/units/nicefrac.sty
Package: nicefrac 1998/08/04 v0.9b Nice fractions
\L@UnitsRaiseDisplaystyle=\skip61
\L@UnitsRaiseTextstyle=\skip62
\L@UnitsRaiseScriptstyle=\skip63
))
(/usr/local/texlive/2012/texmf-dist/tex/latex/rotating/rotating.sty
Package: rotating 2009/03/28 v2.16a rotated objects in LaTeX
\c@r@tfl@t=\count113
\rotFPtop=\skip64
\rotFPbot=\skip65
\rot@float@box=\box32
\rot@mess@toks=\toks22
)
(/usr/local/texlive/2012/texmf-dist/tex/latex/graphics/color.sty
Package: color 2005/11/14 v1.0j Standard LaTeX Color (DPC)

(/usr/local/texlive/2012/texmf-dist/tex/latex/latexconfig/color.cfg
File: color.cfg 2007/01/18 v1.5 color configuration of teTeX/TeXLive
)
Package color Info: Driver file: pdftex.def on input line 130.
)
(/usr/local/texlive/2012/texmf-dist/tex/latex/appendix/appendix.sty
Package: appendix 2009/09/02 v1.2b extra appendix facilities
\c@@pps=\count114
\c@@ppsavesec=\count115
\c@@ppsaveapp=\count116
)
(/usr/local/texlive/2012/texmf-dist/tex/latex/enumitem/enumitem.sty
Package: enumitem 2011/09/28 v3.5.2 Customized lists
\labelindent=\skip66
\enit@outerparindent=\dimen129
\enit@toks=\toks23
\enit@inbox=\box33
\enitdp@description=\count117
)
(/usr/local/texlive/2012/texmf-dist/tex/latex/quotchap/quotchap.sty
Package: quotchap 2011/01/15 v1.0 Decorative Chapter Headings with Quotes
\@quotebox=\box34
)
(/usr/local/texlive/2012/texmf-dist/tex/latex/hyperref/hyperref.sty
Package: hyperref 2012/05/13 v6.82q Hypertext links for LaTeX

(/usr/local/texlive/2012/texmf-dist/tex/generic/oberdiek/hobsub-hyperref.sty
Package: hobsub-hyperref 2012/05/28 v1.13 Bundle oberdiek, subset hyperref (HO)


(/usr/local/texlive/2012/texmf-dist/tex/generic/oberdiek/hobsub-generic.sty
Package: hobsub-generic 2012/05/28 v1.13 Bundle oberdiek, subset generic (HO)
Package: hobsub 2012/05/28 v1.13 Construct package bundles (HO)
Package hobsub Info: Skipping package `infwarerr' (already loaded).
Package hobsub Info: Skipping package `ltxcmds' (already loaded).
Package: ifluatex 2010/03/01 v1.3 Provides the ifluatex switch (HO)
Package ifluatex Info: LuaTeX not detected.
Package hobsub Info: Skipping package `ifvtex' (already loaded).
Package: intcalc 2007/09/27 v1.1 Expandable calculations with integers (HO)
Package hobsub Info: Skipping package `ifpdf' (already loaded).
Package: etexcmds 2011/02/16 v1.5 Avoid name clashes with e-TeX commands (HO)
Package etexcmds Info: Could not find \expanded.
(etexcmds)             That can mean that you are not using pdfTeX 1.50 or
(etexcmds)             that some package has redefined \expanded.
(etexcmds)             In the latter case, load this package earlier.
Package: kvsetkeys 2012/04/25 v1.16 Key value parser (HO)
Package: kvdefinekeys 2011/04/07 v1.3 Define keys (HO)
Package: pdftexcmds 2011/11/29 v0.20 Utility functions of pdfTeX for LuaTeX (HO
)
Package pdftexcmds Info: LuaTeX not detected.
Package pdftexcmds Info: \pdf@primitive is available.
Package pdftexcmds Info: \pdf@ifprimitive is available.
Package pdftexcmds Info: \pdfdraftmode found.
Package: pdfescape 2011/11/25 v1.13 Implements pdfTeX's escape features (HO)
Package: bigintcalc 2012/04/08 v1.3 Expandable calculations on big integers (HO
)
Package: bitset 2011/01/30 v1.1 Handle bit-vector datatype (HO)
Package: uniquecounter 2011/01/30 v1.2 Provide unlimited unique counter (HO)
)
Package hobsub Info: Skipping package `hobsub' (already loaded).
Package: letltxmacro 2010/09/02 v1.4 Let assignment for LaTeX macros (HO)
Package: hopatch 2012/05/28 v1.2 Wrapper for package hooks (HO)
Package: xcolor-patch 2011/01/30 xcolor patch
Package: atveryend 2011/06/30 v1.8 Hooks at the very end of document (HO)
Package atveryend Info: \enddocument detected (standard20110627).
Package: atbegshi 2011/10/05 v1.16 At begin shipout hook (HO)
Package: refcount 2011/10/16 v3.4 Data extraction from label references (HO)
Package: hycolor 2011/01/30 v1.7 Color options for hyperref/bookmark (HO)
)
(/usr/local/texlive/2012/texmf-dist/tex/latex/oberdiek/kvoptions.sty
Package: kvoptions 2011/06/30 v3.11 Key value format for package options (HO)
)
\@linkdim=\dimen130
\Hy@linkcounter=\count118
\Hy@pagecounter=\count119

(/usr/local/texlive/2012/texmf-dist/tex/latex/hyperref/pd1enc.def
File: pd1enc.def 2012/05/13 v6.82q Hyperref: PDFDocEncoding definition (HO)
)
\Hy@SavedSpaceFactor=\count120

(/usr/local/texlive/2012/texmf-dist/tex/latex/latexconfig/hyperref.cfg
File: hyperref.cfg 2002/06/06 v1.2 hyperref configuration of TeXLive
)
Package hyperref Info: Hyper figures OFF on input line 4062.
Package hyperref Info: Link nesting OFF on input line 4067.
Package hyperref Info: Hyper index ON on input line 4070.
Package hyperref Info: Plain pages OFF on input line 4077.
Package hyperref Info: Backreferencing OFF on input line 4082.
Package hyperref Info: Implicit mode ON; LaTeX internals redefined.
Package hyperref Info: Bookmarks ON on input line 4300.
\c@Hy@tempcnt=\count121
LaTeX Info: Redefining \url on input line 4653.
\Fld@menulength=\count122
\Field@Width=\dimen131
\Fld@charsize=\dimen132
Package hyperref Info: Hyper figures OFF on input line 5773.
Package hyperref Info: Link nesting OFF on input line 5778.
Package hyperref Info: Hyper index ON on input line 5781.
Package hyperref Info: backreferencing OFF on input line 5788.
Package hyperref Info: Link coloring OFF on input line 5793.
Package hyperref Info: Link coloring with OCG OFF on input line 5798.
Package hyperref Info: PDF/A mode OFF on input line 5803.
LaTeX Info: Redefining \ref on input line 5843.
LaTeX Info: Redefining \pageref on input line 5847.
\Hy@abspage=\count123
\c@Item=\count124
\c@Hfootnote=\count125
)

Package hyperref Message: Driver (autodetected): hpdftex.

(/usr/local/texlive/2012/texmf-dist/tex/latex/hyperref/hpdftex.def
File: hpdftex.def 2012/05/13 v6.82q Hyperref driver for pdfTeX
\Fld@listcount=\count126
\c@bookmark@seq@number=\count127

(/usr/local/texlive/2012/texmf-dist/tex/latex/oberdiek/rerunfilecheck.sty
Package: rerunfilecheck 2011/04/15 v1.7 Rerun checks for auxiliary files (HO)
Package uniquecounter Info: New unique counter `rerunfilecheck' on input line 2
82.
)
\Hy@SectionHShift=\skip67
)
Package hyperref Info: Option `colorlinks' set `false' on input line 37.

\@input{aas_macros.aux}
\openout2 = `aas_macros.aux'.

No file aas_macros.tex.

Package Fancyhdr Warning: \fancyhead's `E' option without twoside option is use
less on input line 161.


Package Fancyhdr Warning: \fancyhf's `E' option without twoside option is usele
ss on input line 164.


Package Fancyhdr Warning: \fancyhf's `E' option without twoside option is usele
ss on input line 166.

\@indexfile=\write3
\openout3 = `thesis.idx'.

Writing index file thesis.idx
(./thesis.aux (./ab/abstract.aux) (./declaration.aux) (./acknowledgements.aux)
(./c1/intro.aux) (./c2/chapter2.aux) (./c3/chapter3.aux) (./c4/chapter4.aux)
(./c5/chapter5.aux

LaTeX Warning: Label `fig:Tcomp' multiply defined.


LaTeX Warning: Label `fig:contamination' multiply defined.

) (./c6/chapter6.aux) (./c7/chapter7.aux

LaTeX Warning: Label `eqn:mass' multiply defined.


LaTeX Warning: Label `eqn:sadavoy' multiply defined.

) (./c8/chapter8.aux) (./cF/conclusions.aux))
\openout1 = `thesis.aux'.

LaTeX Font Info:    Checking defaults for OML/txmi/m/it on input line 241.
LaTeX Font Info:    Try loading font information for OML+txmi on input line 241
.

(/usr/local/texlive/2012/texmf-dist/tex/latex/txfonts/omltxmi.fd
File: omltxmi.fd 2000/12/15 v3.1
)
LaTeX Font Info:    ... okay on input line 241.
LaTeX Font Info:    Checking defaults for T1/cmr/m/n on input line 241.
LaTeX Font Info:    ... okay on input line 241.
LaTeX Font Info:    Checking defaults for OT1/cmr/m/n on input line 241.
LaTeX Font Info:    ... okay on input line 241.
LaTeX Font Info:    Checking defaults for OMS/txsy/m/n on input line 241.
LaTeX Font Info:    Try loading font information for OMS+txsy on input line 241
.

(/usr/local/texlive/2012/texmf-dist/tex/latex/txfonts/omstxsy.fd
File: omstxsy.fd 2000/12/15 v3.1
)
LaTeX Font Info:    ... okay on input line 241.
LaTeX Font Info:    Checking defaults for OMX/txex/m/n on input line 241.
LaTeX Font Info:    Try loading font information for OMX+txex on input line 241
.

(/usr/local/texlive/2012/texmf-dist/tex/latex/txfonts/omxtxex.fd
File: omxtxex.fd 2000/12/15 v3.1
)
LaTeX Font Info:    ... okay on input line 241.
LaTeX Font Info:    Checking defaults for U/txexa/m/n on input line 241.
LaTeX Font Info:    Try loading font information for U+txexa on input line 241.


(/usr/local/texlive/2012/texmf-dist/tex/latex/txfonts/utxexa.fd
File: utxexa.fd 2000/12/15 v3.1
)
LaTeX Font Info:    ... okay on input line 241.
LaTeX Font Info:    Checking defaults for PD1/pdf/m/n on input line 241.
LaTeX Font Info:    ... okay on input line 241.
LaTeX Font Info:    Try loading font information for OT1+txr on input line 241.


(/usr/local/texlive/2012/texmf-dist/tex/latex/txfonts/ot1txr.fd
File: ot1txr.fd 2000/12/15 v3.1
)
*geometry* driver: auto-detecting
*geometry* detected driver: pdftex
*geometry* verbose mode - [ preamble ] result:
* driver: pdftex
* paper: a4paper
* layout: <same size as paper>
* layoutoffset:(h,v)=(0.0pt,0.0pt)
* modes: 
* h-part:(L,W,R)=(89.62709pt, 418.25368pt, 89.6271pt)
* v-part:(T,H,B)=(128.0374pt, 660.10394pt, 56.9055pt)
* \paperwidth=597.50787pt
* \paperheight=845.04684pt
* \textwidth=426.79134pt
* \textheight=682.86613pt
* \oddsidemargin=13.08856pt
* \evensidemargin=17.3571pt
* \topmargin=18.76741pt
* \headheight=12.0pt
* \headsep=25.0pt
* \topskip=11.0pt
* \footskip=30.0pt
* \marginparwidth=50.0pt
* \marginparsep=10.0pt
* \columnsep=10.0pt
* \skip\footins=10.0pt plus 4.0pt minus 2.0pt
* \hoffset=0.0pt
* \voffset=-28.45274pt
* \mag=1000
* \@twocolumnfalse
* \@twosidefalse
* \@mparswitchfalse
* \@reversemarginfalse
* (1in=72.27pt=25.4mm, 1cm=28.453pt)

(/usr/local/texlive/2012/texmf-dist/tex/context/base/supp-pdf.mkii
[Loading MPS to PDF converter (version 2006.09.02).]
\scratchcounter=\count128
\scratchdimen=\dimen133
\scratchbox=\box35
\nofMPsegments=\count129
\nofMParguments=\count130
\everyMPshowfont=\toks24
\MPscratchCnt=\count131
\MPscratchDim=\dimen134
\MPnumerator=\count132
\makeMPintoPDFobject=\count133
\everyMPtoPDFconversion=\toks25
) (/usr/local/texlive/2012/texmf-dist/tex/latex/oberdiek/epstopdf-base.sty
Package: epstopdf-base 2010/02/09 v2.5 Base part for package epstopdf

(/usr/local/texlive/2012/texmf-dist/tex/latex/oberdiek/grfext.sty
Package: grfext 2010/08/19 v1.1 Manage graphics extensions (HO)
)
Package grfext Info: Graphics extension search list:
(grfext)             [.png,.pdf,.jpg,.mps,.jpeg,.jbig2,.jb2,.PNG,.PDF,.JPG,.JPE
G,.JBIG2,.JB2,.eps]
(grfext)             \AppendGraphicsExtensions on input line 452.

(/usr/local/texlive/2012/texmf-dist/tex/latex/latexconfig/epstopdf-sys.cfg
File: epstopdf-sys.cfg 2010/07/13 v1.3 Configuration of (r)epstopdf for TeX Liv
e
))
Package caption Info: Begin \AtBeginDocument code.
Package caption Info: hyperref package is loaded.
Package caption Info: longtable package is loaded.

(/usr/local/texlive/2012/texmf-dist/tex/latex/caption/ltcaption.sty
Package: ltcaption 2011/09/12 v1.3 longtable captions (AR)
)
Package caption Info: rotating package is loaded.
Package caption Info: End \AtBeginDocument code.
\AtBeginShipoutBox=\box36
Package hyperref Info: Link coloring OFF on input line 241.

(/usr/local/texlive/2012/texmf-dist/tex/latex/hyperref/nameref.sty
Package: nameref 2010/04/30 v2.40 Cross-referencing by name of section

(/usr/local/texlive/2012/texmf-dist/tex/generic/oberdiek/gettitlestring.sty
Package: gettitlestring 2010/12/03 v1.4 Cleanup title references (HO)
)
\c@section@level=\count134
)
LaTeX Info: Redefining \ref on input line 241.
LaTeX Info: Redefining \pageref on input line 241.
LaTeX Info: Redefining \nameref on input line 241.

(./thesis.out) (./thesis.out)
\@outlinefile=\write4
\openout4 = `thesis.out'.

LaTeX Font Info:    Try loading font information for U+txmia on input line 245.


(/usr/local/texlive/2012/texmf-dist/tex/latex/txfonts/utxmia.fd
File: utxmia.fd 2000/12/15 v3.1
)
LaTeX Font Info:    Try loading font information for U+txsya on input line 245.


(/usr/local/texlive/2012/texmf-dist/tex/latex/txfonts/utxsya.fd
File: utxsya.fd 2000/12/15 v3.1
)
LaTeX Font Info:    Try loading font information for U+txsyb on input line 245.


(/usr/local/texlive/2012/texmf-dist/tex/latex/txfonts/utxsyb.fd
File: utxsyb.fd 2000/12/15 v3.1
)
LaTeX Font Info:    Try loading font information for U+txsyc on input line 245.


(/usr/local/texlive/2012/texmf-dist/tex/latex/txfonts/utxsyc.fd
File: utxsyc.fd 2000/12/15 v3.1
) [1



{/usr/local/texlive/2012/texmf-var/fonts/map/pdftex/updmap/pdftex.map}]
\openout2 = `ab/abstract.aux'.

 (./ab/abstract.tex
[1

])
LaTeX Font Info:    Try loading font information for T1+pbk on input line 252.
 (/usr/local/texlive/2012/texmf-dist/tex/latex/psnfss/t1pbk.fd
File: t1pbk.fd 2001/06/04 font definitions for T1/pbk.
)
LaTeX Font Info:    Font shape `T1/pbk/b/n' in size <20.74> not available
(Font)              Font shape `T1/pbk/db/n' tried instead on input line 252.
LaTeX Font Info:    Font shape `T1/pbk/b/n' in size <100> not available
(Font)              Font shape `T1/pbk/db/n' tried instead on input line 252.

(./thesis.toc

Package Fancyhdr Warning: \fancyhf's `E' option without twoside option is usele
ss on input line 34.

pdfTeX warning (ext4): destination with the same identifier (name{page.i}) has 
been already used, duplicate ignored
<to be read again> 
                   \relax 
l.34 ...1.7.3}Column density}{4}{subsection.1.7.3}
                                                   [1


]

Package Fancyhdr Warning: \headheight is too small (12.0pt): 
 Make it at least 13.59999pt.
 We now make it that large for the rest of the document.
 This may cause the page layout to be inconsistent, however.

[2] [3] [4])
\tf@toc=\write5
\openout5 = `thesis.toc'.

 [5] (./thesis.lof
Underfull \hbox (badness 10000) in paragraph at lines 3--3
 \OT1/txr/m/n/10.95 tion of one scan 450  
 []

./thesis.lof:3: Extra }, or forgotten $.
<argument> ...ected from the final mosaic.\relax }
                                                  }\hyper@linkend 
l.3 ...final mosaic.\relax }}{7}{figure.caption.7}
                                                  
? 
./thesis.lof:3: Extra }, or forgotten $.
<argument> ...cted from the final mosaic.\relax }}
                                                  \hyper@linkend 
l.3 ...final mosaic.\relax }}{7}{figure.caption.7}
                                                  
? 
./thesis.lof:3: Missing $ inserted.
<inserted text> 
                $
l.3 ...final mosaic.\relax }}{7}{figure.caption.7}
                                                  
? 
./thesis.lof:3: Display math should end with $$.
<to be read again> 
                   \endgroup 
l.3 ...final mosaic.\relax }}{7}{figure.caption.7}
                                                  
? 
./thesis.lof:3: Missing } inserted.
<inserted text> 
                }
l.3 ...final mosaic.\relax }}{7}{figure.caption.7}
                                                  
? 
./thesis.lof:3: Missing } inserted.
<inserted text> 
                }
l.3 ...final mosaic.\relax }}{7}{figure.caption.7}
                                                  
? 

Package natbib Warning: Citation `Gutermuth:2008fk' on page vi undefined on inp
ut line 7.


Package Fancyhdr Warning: \fancyhf's `E' option without twoside option is usele
ss on input line 8.

[6

]
Missing character: There is no Ð in font txr!
 [7]
Overfull \hbox (1.65627pt too wide) in paragraph at lines 18--18
 \OT1/txr/m/n/10.95 con-tours of the neb-u-los-ity SH-64 at 300, 1200, 4800, 12
000MJy/Sr. Blue SCUBA- 
 []


Overfull \hbox (18.82796pt too wide) in paragraph at lines 19--19
 [][] [][]\OT1/txr/bx/n/10.95 Left] \OT1/txr/m/n/10.95 A schematic of the SED s
hape for three hy-po-thet-i-cal sce-nar-ios of-fig:freefreealpha 
 []


Overfull \hbox (6.08984pt too wide) in paragraph at lines 20--20
 [][] [][]\OT1/txr/m/n/10.95 Archival AUI/NRAO 3.6cm map of the W40 com-plex OB
 as-so-ci-a-tion (NRAO/VLA 
 []

[8] [9]
Overfull \hbox (8.9822pt too wide) in paragraph at lines 34--34
 [][] [][]\OT1/txr/m/n/10.95 Comparison of flux emis-sion from \OT1/txr/m/sc/10
.95 fell-walker \OT1/txr/m/n/10.95 ob-jects at 450$ \OML/txmi/m/it/10.95 ^^V\OT
1/txr/m/n/10.95 m$ (con-tours), 850$ \OML/txmi/m/it/10.95 ^^V\OT1/txr/m/n/10.95
 m$ 
 []


Overfull \hbox (2.56775pt too wide) in paragraph at lines 35--35
 [][] [][]\OT1/txr/m/n/10.95 Submillimetre clumps in Ser-pens MWC 297 as iden-t
i-fied by the \OT1/txr/m/sc/10.95 fell-walker \OT1/txr/m/n/10.95 clump- 
 []

[10]
LaTeX Font Info:    Try loading font information for OT1+txtt on input line 40.

 (/usr/local/texlive/2012/texmf-dist/tex/latex/txfonts/ot1txtt.fd
File: ot1txtt.fd 2000/12/15 v3.1
) [11])
\tf@lof=\write6
\openout6 = `thesis.lof'.


[12] (./thesis.lot)
\tf@lot=\write7
\openout7 = `thesis.lot'.



Package Fancyhdr Warning: \fancyhf's `E' option without twoside option is usele
ss on input line 257.

[13

]
\openout2 = `declaration.aux'.

 (./declaration.tex)

Package Fancyhdr Warning: \fancyhf's `E' option without twoside option is usele
ss on input line 257.

[14


]
\openout2 = `acknowledgements.aux'.

 (./acknowledgements.tex)

Package Fancyhdr Warning: \fancyhf's `E' option without twoside option is usele
ss on input line 260.

[15



]
\openout2 = `c1/intro.aux'.

 (./c1/intro.tex
Chapter 1.

Package Fancyhdr Warning: \fancyhf's `E' option without twoside option is usele
ss on input line 54.

pdfTeX warning (ext4): destination with the same identifier (name{page.1}) has 
been already used, duplicate ignored
<to be read again> 
                   \relax 
l.54 
      [1



]) [2] [3]
Overfull \vbox (354.54622pt too high) has occurred while \output is active []


[4]
\openout2 = `c2/chapter2.aux'.

 (./c2/chapter2.tex
Chapter 2.

Package Fancyhdr Warning: \fancyhf's `E' option without twoside option is usele
ss on input line 29.

[5



]
</Users/damian/Documents/Thesis_et_al/images/20130912_rms_tau_450.pdf, id=1480,
 722.7pt x 542.025pt>
File: /Users/damian/Documents/Thesis_et_al/images/20130912_rms_tau_450.pdf Grap
hic file (type pdf)

<use /Users/damian/Documents/Thesis_et_al/images/20130912_rms_tau_450.pdf>
Package pdftex.def Info: /Users/damian/Documents/Thesis_et_al/images/20130912_r
ms_tau_450.pdf used on input line 85.
(pdftex.def)             Requested size: 252.94878pt x 189.71158pt.

</Users/damian/Documents/Thesis_et_al/images/20130912_rms_tau_850.pdf, id=1481,
 722.7pt x 542.025pt>
File: /Users/damian/Documents/Thesis_et_al/images/20130912_rms_tau_850.pdf Grap
hic file (type pdf)

<use /Users/damian/Documents/Thesis_et_al/images/20130912_rms_tau_850.pdf>
Package pdftex.def Info: /Users/damian/Documents/Thesis_et_al/images/20130912_r
ms_tau_850.pdf used on input line 85.
(pdftex.def)             Requested size: 252.94878pt x 189.71158pt.

Overfull \hbox (79.10622pt too wide) in paragraph at lines 85--86
 [][][] 
 []

./c2/chapter2.tex:86: Undefined control sequence.
<argument> ... exception of one scan 450$\microns 
                                                  $ which was subsequently r...
l.86 ...sequently rejected from the final mosaic.}
                                                   \label{fig:tau}
? 
./c2/chapter2.tex:86: Undefined control sequence.
<recently read> \microns 
                         
l.86 ...sequently rejected from the final mosaic.}
                                                   \label{fig:tau}
? 
./c2/chapter2.tex:86: Undefined control sequence.
<recently read> \microns 
                         
l.86 ...sequently rejected from the final mosaic.}
                                                   \label{fig:tau}
? 
[6] [7 </Users/damian/Documents/Thesis_et_al/images/20130912_rms_tau_450.pdf> <
/Users/damian/Documents/Thesis_et_al/images/20130912_rms_tau_850.pdf>]

LaTeX Warning: File `images/map_aquila_rift_B10.pdf' not found on input line 13
1.


./c2/chapter2.tex:131: Package pdftex.def Error: File `images/map_aquila_rift_B
10.pdf' not found.

See the pdftex.def package documentation for explanation.
Type  H <return>  for immediate help.
 ...                                              
                                                  
l.131 ...cale=0.7]{images/map_aquila_rift_B10.pdf}
                                                  
? 
[8]

LaTeX Warning: Reference `fig:serpensIR' on page 9 undefined on input line 149.



Package natbib Warning: Citation `Gutermuth:2008fk' on page 9 undefined on inpu
t line 149.

LaTeX Font Info:    Try loading font information for OMS+txr on input line 156.

(/usr/local/texlive/2012/texmf-dist/tex/latex/txfonts/omstxr.fd
File: omstxr.fd 2000/12/15 v3.1
)
LaTeX Font Info:    Font shape `OMS/txr/m/n' in size <10.95> not available
(Font)              Font shape `OMS/txsy/m/n' tried instead on input line 156.
 [9]
Overfull \hbox (0.73991pt too wide) in paragraph at lines 171--171
[]\OT1/txr/m/n/10.95 Whole
 []


Underfull \hbox (badness 10000) in paragraph at lines 171--171
\OT1/txr/m/n/10.95 per
 []


Underfull \hbox (badness 10000) in paragraph at lines 171--171
[]\OT1/txr/m/n/10.95 0.1Jy
 []


Underfull \hbox (badness 10000) in paragraph at lines 171--171
\OT1/txr/m/n/10.95 per
 []


Underfull \hbox (badness 10000) in paragraph at lines 171--171
\OT1/txr/m/n/10.95 per
 []


Underfull \hbox (badness 10000) in paragraph at lines 171--172
[]\OT1/txr/m/n/10.95 0.3Jy
 []


Underfull \hbox (badness 10000) in paragraph at lines 171--172
\OT1/txr/m/n/10.95 per
 []


</Users/damian/Documents/Thesis_et_al/images/20140718_MWC297_s450+s850_final.pd
f, id=1571, 691.58376pt x 386.44376pt>
File: /Users/damian/Documents/Thesis_et_al/images/20140718_MWC297_s450+s850_fin
al.pdf Graphic file (type pdf)

<use /Users/damian/Documents/Thesis_et_al/images/20140718_MWC297_s450+s850_fina
l.pdf>
Package pdftex.def Info: /Users/damian/Documents/Thesis_et_al/images/20140718_M
WC297_s450+s850_final.pdf used on input line 188.
(pdftex.def)             Requested size: 484.10533pt x 270.50877pt.

Overfull \hbox (57.314pt too wide) in paragraph at lines 188--189
 [][] 
 []

[10] [11 </Users/damian/Documents/Thesis_et_al/images/20140718_MWC297_s450+s850
_final.pdf>]
Overfull \hbox (201.18684pt too wide) in paragraph at lines 262--285
 [][] 
 []


</Users/damian/Documents/Thesis_et_al/images/20141118_MWC297_YSOdist.pdf, id=17
26, 722.7pt x 400.49625pt>
File: /Users/damian/Documents/Thesis_et_al/images/20141118_MWC297_YSOdist.pdf G
raphic file (type pdf)

<use /Users/damian/Documents/Thesis_et_al/images/20141118_MWC297_YSOdist.pdf>
Package pdftex.def Info: /Users/damian/Documents/Thesis_et_al/images/20141118_M
WC297_YSOdist.pdf used on input line 338.
(pdftex.def)             Requested size: 542.02367pt x 300.37144pt.

Overfull \hbox (115.23233pt too wide) in paragraph at lines 338--341
 [] 
 []

[12] [13]

LaTeX Warning: File `images/map_south_G08.png' not found on input line 354.


./c2/chapter2.tex:354: Package pdftex.def Error: File `images/map_south_G08.png
' not found.

See the pdftex.def package documentation for explanation.
Type  H <return>  for immediate help.
 ...                                              
                                                  
l.354 ...hics[scale=0.4]{images/map_south_G08.png}
                                                  
? 

Package natbib Warning: Citation `Gutermuth:2008fk' on page 14 undefined on inp
ut line 355.


Package natbib Warning: Citation `Gutermuth:2008fk' on page 14 undefined on inp
ut line 355.


Package natbib Warning: Citation `Evans:2009nx' on page 14 undefined on input l
ine 361.


LaTeX Warning: Reference `fig:South_M10' on page 14 undefined on input line 363
.


LaTeX Warning: Reference `fig:SouthSCUBA2' on page 14 undefined on input line 3
63.

[14] [15 </Users/damian/Documents/Thesis_et_al/images/20141118_MWC297_YSOdist.p
df>]

Package natbib Warning: Citation `Gutermuth:2008fk' on page 16 undefined on inp
ut line 367.

[16]

LaTeX Warning: File `images/photo_serpensmain_IRAC_W07.png' not found on input 
line 379.


./c2/chapter2.tex:379: Package pdftex.def Error: File `images/photo_serpensmain
_IRAC_W07.png' not found.

See the pdftex.def package documentation for explanation.
Type  H <return>  for immediate help.
 ...                                              
                                                  
l.379 ...3]{images/photo_serpensmain_IRAC_W07.png}
                                                  
? 

LaTeX Warning: File `images/map_serpens_main_SCUBA_D99.pdf' not found on input 
line 380.


./c2/chapter2.tex:380: Package pdftex.def Error: File `images/map_serpens_main_
SCUBA_D99.pdf' not found.

See the pdftex.def package documentation for explanation.
Type  H <return>  for immediate help.
 ...                                              
                                                  
l.380 ...3]{images/map_serpens_main_SCUBA_D99.pdf}
                                                  
? 

Package natbib Warning: Citation `fig:serpensSCUBA2' on page 17 undefined on in
put line 385.


LaTeX Warning: Reference `fig:mainSCUBA2' on page 17 undefined on input line 38
7.

Missing character: There is no Ð in font txr!
[17]

Package natbib Warning: Citation `Harvey:2006tg' on page 18 undefined on input 
line 393.


Package natbib Warning: Citation `Harvey:2007bh' on page 18 undefined on input 
line 393.


Package natbib Warning: Citation `Gutermuth:2009fk' on page 18 undefined on inp
ut line 399.


Package natbib Warning: Citation `Gutermuth:2009fk' on page 18 undefined on inp
ut line 401.


Package natbib Warning: Citation `Evans:2009fk' on page 18 undefined on input l
ine 401.


Package hyperref Warning: Token not allowed in a PDF string (PDFDocEncoding):
(hyperref)                removing `math shift' on input line 404.


Package hyperref Warning: Token not allowed in a PDF string (PDFDocEncoding):
(hyperref)                removing `subscript' on input line 404.


Package hyperref Warning: Token not allowed in a PDF string (PDFDocEncoding):
(hyperref)                removing `math shift' on input line 404.


LaTeX Warning: Reference `fig:NH3SCUBA2' on page 18 undefined on input line 408
.


LaTeX Warning: Reference `fig:13mm' on page 18 undefined on input line 408.


LaTeX Warning: Reference `fig:serpensSCUBA2' on page 18 undefined on input line
 408.


Package natbib Warning: Citation `Harvey:2006tg' on page 18 undefined on input 
line 410.


LaTeX Warning: Reference `fig:serpensIR' on page 18 undefined on input line 410
.

[18]

Package natbib Warning: Citation `Harvey:2009yq' on page 19 undefined on input 
line 413.


Package natbib Warning: Citation `Gutermuth:2009fk' on page 19 undefined on inp
ut line 415.


LaTeX Warning: File `images/model_VV_Ser_P07b.png' not found on input line 422.



./c2/chapter2.tex:422: Package pdftex.def Error: File `images/model_VV_Ser_P07b
.png' not found.

See the pdftex.def package documentation for explanation.
Type  H <return>  for immediate help.
 ...                                              
                                                  
l.422 ...[scale=0.3]{images/model_VV_Ser_P07b.png}
                                                  
? 

LaTeX Warning: Reference `fig:serpensIR' on page 19 undefined on input line 427
.


Package natbib Warning: Citation `Mora:2001gf' on page 19 undefined on input li
ne 427.


Package natbib Warning: Multiple citation on page 19: same authors and year
(natbib)                without distinguishing extra letter,
(natbib)                appears as question mark.

./c2/chapter2.tex:429: Undefined control sequence.
l.429 ...cross the star as observed in figure \fig
                                                  {fig.VV Ser}. Additionally...

? 
[19]

LaTeX Warning: Reference `fig:serpensSCUBA2' on page 20 undefined on input line
 431.

) [20]
\openout2 = `c3/chapter3.aux'.

 (./c3/chapter3.tex
Chapter 3.

Package hyperref Warning: Token not allowed in a PDF string (PDFDocEncoding):
(hyperref)                \kern 1.82538pt
(hyperref)                removed on input line 16.


Package hyperref Warning: Token not allowed in a PDF string (PDFDocEncoding):
(hyperref)                removing `math shift' on input line 16.


Package hyperref Warning: Token not allowed in a PDF string (PDFDocEncoding):
(hyperref)                \kern 1.82538pt
(hyperref)                removed on input line 16.


Package hyperref Warning: Token not allowed in a PDF string (PDFDocEncoding):
(hyperref)                removing `math shift' on input line 16.


Package hyperref Warning: Token not allowed in a PDF string (PDFDocEncoding):
(hyperref)                removing `\mu' on input line 16.


Package hyperref Warning: Token not allowed in a PDF string (PDFDocEncoding):
(hyperref)                removing `math shift' on input line 16.


Package hyperref Warning: Token not allowed in a PDF string (PDFDocEncoding):
(hyperref)                removing `math shift' on input line 16.


Package Fancyhdr Warning: \fancyhf's `E' option without twoside option is usele
ss on input line 33.

[21



] [22]
./c3/chapter3.tex:100: Undefined control sequence.
l.100 ...arcmin\ area (position angle = 65$^{\degr
                                                  }$) at 345.796\,GHz to obs...

? 
<c3/figs/20150805_W40_CO.pdf, id=2082, 517.935pt x 352.31625pt>
File: c3/figs/20150805_W40_CO.pdf Graphic file (type pdf)

<use c3/figs/20150805_W40_CO.pdf>
Package pdftex.def Info: c3/figs/20150805_W40_CO.pdf used on input line 125.
(pdftex.def)             Requested size: 517.93372pt x 352.31538pt.

Overfull \hbox (91.14238pt too wide) in paragraph at lines 125--126
 [][] 
 []


Overfull \hbox (0.3194pt too wide) in paragraph at lines 134--141
\OT1/txr/m/n/10.95 Integrated in-ten-sity maps of $[][]$ 3[]2 emis-sion are sub
-tracted from the orig-i-nal SCUBA-2 850$ \OML/txmi/m/it/10.95 ^^V\OT1/txr/m/n/
10.95 m$
 []

[23] [24 <./c3/figs/20150805_W40_CO.pdf>]
<c3/figs/20150804_COcontamination.pdf, id=2117, 722.7pt x 482.80376pt>
File: c3/figs/20150804_COcontamination.pdf Graphic file (type pdf)

<use c3/figs/20150804_COcontamination.pdf>
Package pdftex.def Info: c3/figs/20150804_COcontamination.pdf used on input lin
e 156.
(pdftex.def)             Requested size: 252.94878pt x 168.98384pt.

<c3/figs/20150804_KStest-conoco.pdf, id=2118, 722.7pt x 542.025pt>
File: c3/figs/20150804_KStest-conoco.pdf Graphic file (type pdf)

<use c3/figs/20150804_KStest-conoco.pdf>
Package pdftex.def Info: c3/figs/20150804_KStest-conoco.pdf used on input line 
164.
(pdftex.def)             Requested size: 252.94878pt x 189.71158pt.

<c3/figs/20150904_twoclouds.pdf, id=2119, 722.7pt x 471.7625pt>
File: c3/figs/20150904_twoclouds.pdf Graphic file (type pdf)

<use c3/figs/20150904_twoclouds.pdf>
Package pdftex.def Info: c3/figs/20150904_twoclouds.pdf used on input line 175.

(pdftex.def)             Requested size: 397.48622pt x 259.47017pt.

./c3/chapter3.tex:182: Misplaced alignment tab character &.
l.182 ...y 5km\,s$^{-1}$ (consistent with Zeilik &
                                                   Lada 1978 and Shimoikura ...

? 
[25 <./c3/figs/20150804_COcontamination.pdf> <./c3/figs/20150804_KStest-conoco.
pdf>] [26 <./c3/figs/20150904_twoclouds.pdf>]
<c3/figs/20150903_5kmsoutflow_map.pdf, id=2210, 722.7pt x 423.5825pt>
File: c3/figs/20150903_5kmsoutflow_map.pdf Graphic file (type pdf)

<use c3/figs/20150903_5kmsoutflow_map.pdf>
Package pdftex.def Info: c3/figs/20150903_5kmsoutflow_map.pdf used on input lin
e 197.
(pdftex.def)             Requested size: 397.48622pt x 232.97108pt.

./c3/chapter3.tex:197: Extra alignment tab has been changed to \cr.
<recently read> \endtemplate 
                             
l.197 ...]{c3/figs/20150903_5kmsoutflow_map.pdf} &
                                                  
? 
<c3/figs/20150903_10kmsoutflow_map.pdf, id=2211, 722.7pt x 423.5825pt>
File: c3/figs/20150903_10kmsoutflow_map.pdf Graphic file (type pdf)

<use c3/figs/20150903_10kmsoutflow_map.pdf>
Package pdftex.def Info: c3/figs/20150903_10kmsoutflow_map.pdf used on input li
ne 198.
(pdftex.def)             Requested size: 397.48622pt x 232.97108pt.

./c3/chapter3.tex:198: Extra alignment tab has been changed to \cr.
<recently read> \endtemplate 
                             
l.198 ...{c3/figs/20150903_10kmsoutflow_map.pdf} &
                                                  
? 
Missing character: There is no Ð in font txr!
Missing character: There is no Ð in font txr!
<c3/figs/B5-4outflow.pdf, id=2212, 722.7pt x 542.025pt>
File: c3/figs/B5-4outflow.pdf Graphic file (type pdf)

<use c3/figs/B5-4outflow.pdf>
Package pdftex.def Info: c3/figs/B5-4outflow.pdf used on input line 208.
(pdftex.def)             Requested size: 216.81166pt x 162.60875pt.

<c3/figs/R10-6outflow.pdf, id=2213, 722.7pt x 542.025pt>
File: c3/figs/R10-6outflow.pdf Graphic file (type pdf)

<use c3/figs/R10-6outflow.pdf>
Package pdftex.def Info: c3/figs/R10-6outflow.pdf used on input line 209.
(pdftex.def)             Requested size: 216.81166pt x 162.60875pt.

Overfull \hbox (21.56949pt too wide) in paragraph at lines 207--211
 [][] 
 []

Missing character: There is no Ô in font txr!
[27] [28 <./c3/figs/20150903_5kmsoutflow_map.pdf> <./c3/figs/20150903_10kmsoutf
low_map.pdf>]
Missing character: There is no Ô in font txr!
 [29 <./c3/figs/B5-4outflow.pdf> <./c3/figs/R10-6outflow.pdf>])
[30]
\openout2 = `c4/chapter4.aux'.

 (./c4/chapter4.tex
Chapter 4.

Package Fancyhdr Warning: \fancyhf's `E' option without twoside option is usele
ss on input line 31.

[31



] [32]

Package hyperref Warning: Token not allowed in a PDF string (PDFDocEncoding):
(hyperref)                \kern 1.82538pt
(hyperref)                removed on input line 71.


</Users/damian/Documents/Thesis_et_al/Papers/starformation_in_W40/W40images/201
50904_W40Hiiregion.pdf, id=2393, 523.9575pt x 482.80376pt>
File: /Users/damian/Documents/Thesis_et_al/Papers/starformation_in_W40/W40image
s/20150904_W40Hiiregion.pdf Graphic file (type pdf)

<use /Users/damian/Documents/Thesis_et_al/Papers/starformation_in_W40/W40images
/20150904_W40Hiiregion.pdf>
Package pdftex.def Info: /Users/damian/Documents/Thesis_et_al/Papers/starformat
ion_in_W40/W40images/20150904_W40Hiiregion.pdf used on input line 75.
(pdftex.def)             Requested size: 261.9781pt x 241.40129pt.
 [33 </Users/damian/Documents/Thesis_et_al/Papers/starformation_in_W40/W40image
s/20150904_W40Hiiregion.pdf>]

Package hyperref Warning: Token not allowed in a PDF string (PDFDocEncoding):
(hyperref)                \kern 1.82538pt
(hyperref)                removed on input line 103.


</Users/damian/Documents/Thesis_et_al/Papers/starformation_in_W40/W40images/fre
e-free-alpha-sketch.pdf, id=2456, 722.7pt x 542.025pt>
File: /Users/damian/Documents/Thesis_et_al/Papers/starformation_in_W40/W40image
s/free-free-alpha-sketch.pdf Graphic file (type pdf)

<use /Users/damian/Documents/Thesis_et_al/Papers/starformation_in_W40/W40images
/free-free-alpha-sketch.pdf>
Package pdftex.def Info: /Users/damian/Documents/Thesis_et_al/Papers/starformat
ion_in_W40/W40images/free-free-alpha-sketch.pdf used on input line 109.
(pdftex.def)             Requested size: 202.35461pt x 151.76596pt.

</Users/damian/Documents/Thesis_et_al/Papers/starformation_in_W40/W40images/201
50506_freefreecutoff.pdf, id=2457, 722.7pt x 542.025pt>
File: /Users/damian/Documents/Thesis_et_al/Papers/starformation_in_W40/W40image
s/20150506_freefreecutoff.pdf Graphic file (type pdf)

<use /Users/damian/Documents/Thesis_et_al/Papers/starformation_in_W40/W40images
/20150506_freefreecutoff.pdf>
Package pdftex.def Info: /Users/damian/Documents/Thesis_et_al/Papers/starformat
ion_in_W40/W40images/20150506_freefreecutoff.pdf used on input line 110.
(pdftex.def)             Requested size: 202.35461pt x 151.76596pt.
 [34]

LaTeX Warning: Reference `fig:turnover' on page 35 undefined on input line 133.


[35 </Users/damian/Documents/Thesis_et_al/Papers/starformation_in_W40/W40images
/free-free-alpha-sketch.pdf> </Users/damian/Documents/Thesis_et_al/Papers/starf
ormation_in_W40/W40images/20150506_freefreecutoff.pdf>]
</Users/damian/Documents/Thesis_et_al/Papers/starformation_in_W40/W40images/201
50904_freefree_small.pdf, id=2605, 679.53876pt x 543.02875pt>
File: /Users/damian/Documents/Thesis_et_al/Papers/starformation_in_W40/W40image
s/20150904_freefree_small.pdf Graphic file (type pdf)

<use /Users/damian/Documents/Thesis_et_al/Papers/starformation_in_W40/W40images
/20150904_freefree_small.pdf>
Package pdftex.def Info: /Users/damian/Documents/Thesis_et_al/Papers/starformat
ion_in_W40/W40images/20150904_freefree_small.pdf used on input line 143.
(pdftex.def)             Requested size: 271.81068pt x 217.20764pt.
 [36 </Users/damian/Documents/Thesis_et_al/Papers/starformation_in_W40/W40image
s/20150904_freefree_small.pdf>]
</Users/damian/Documents/Thesis_et_al/images/20140821_mwc297_free_free_SED.pdf,
 id=2654, 530.98375pt x 400.49625pt>
File: /Users/damian/Documents/Thesis_et_al/images/20140821_mwc297_free_free_SED
.pdf Graphic file (type pdf)

<use /Users/damian/Documents/Thesis_et_al/images/20140821_mwc297_free_free_SED.
pdf>
Package pdftex.def Info: /Users/damian/Documents/Thesis_et_al/images/20140821_m
wc297_free_free_SED.pdf used on input line 172.
(pdftex.def)             Requested size: 238.94048pt x 180.22165pt.
 [37 </Users/damian/Documents/Thesis_et_al/images/20140821_mwc297_free_free_SED
.pdf>]
./c4/chapter4.tex:190: Missing $ inserted.
<inserted text> 
                $
l.190 ...MNRAS/20140618_mwc297_contamination.jpeg}
                                                  
? 

LaTeX Warning: File `/Users/damian/Documents/Thesis_et_al/Papers/Starformation 
in MWC297/mwc297_arXiv/MNRAS/20140618_mwc297_contamination.jpeg' not found on i
nput line 190.


</Users/damian/Documents/Thesis_et_al/Papers/Starformation in MWC297/mwc297_arX
iv/MNRAS/20140618_mwc297_contamination.jpeg, id=2703, 722.7pt x 341.1144pt>
File: /Users/damian/Documents/Thesis_et_al/Papers/Starformation in MWC297/mwc29
7_arXiv/MNRAS/20140618_mwc297_contamination.jpeg Graphic file (type jpg)

<use /Users/damian/Documents/Thesis_et_al/Papers/Starformation in MWC297/mwc297
_arXiv/MNRAS/20140618_mwc297_contamination.jpeg>
Package pdftex.def Info: /Users/damian/Documents/Thesis_et_al/Papers/Starformat
ion in MWC297/mwc297_arXiv/MNRAS/20140618_mwc297_contamination.jpeg used on inp
ut line 190.
(pdftex.def)             Requested size: 361.3491pt x 170.55676pt.

./c4/chapter4.tex:190: Missing $ inserted.
<inserted text> 
                $
l.190 ...MNRAS/20140618_mwc297_contamination.jpeg}
                                                  
? 

Overfull \hbox (267.90968pt too wide) in paragraph at lines 190--191
 [] 
 []

[38 </Users/damian/Documents/Thesis_et_al/Papers/Starformation in MWC297/mwc297
_arXiv/MNRAS/20140618_mwc297_contamination.jpeg>]
</Users/damian/Documents/Thesis_et_al/Papers/starformation_in_W40/W40images/201
50904_freefree_large_contribution.pdf, id=2737, 685.56125pt x 338.26375pt>
File: /Users/damian/Documents/Thesis_et_al/Papers/starformation_in_W40/W40image
s/20150904_freefree_large_contribution.pdf Graphic file (type pdf)

<use /Users/damian/Documents/Thesis_et_al/Papers/starformation_in_W40/W40images
/20150904_freefree_large_contribution.pdf>
Package pdftex.def Info: /Users/damian/Documents/Thesis_et_al/Papers/starformat
ion_in_W40/W40images/20150904_freefree_large_contribution.pdf used on input lin
e 232.
(pdftex.def)             Requested size: 445.60953pt x 219.86882pt.

Overfull \hbox (18.81819pt too wide) in paragraph at lines 232--233
 [][] 
 []


Overfull \hbox (212.83794pt too wide) in paragraph at lines 246--262
 [] 
 []


</Users/damian/Documents/Thesis_et_al/Papers/starformation_in_W40/W40images/201
50904_W40_freefree_comb.pdf, id=2742, 722.7pt x 542.025pt>
File: /Users/damian/Documents/Thesis_et_al/Papers/starformation_in_W40/W40image
s/20150904_W40_freefree_comb.pdf Graphic file (type pdf)

<use /Users/damian/Documents/Thesis_et_al/Papers/starformation_in_W40/W40images
/20150904_W40_freefree_comb.pdf>
Package pdftex.def Info: /Users/damian/Documents/Thesis_et_al/Papers/starformat
ion_in_W40/W40images/20150904_W40_freefree_comb.pdf used on input line 268.
(pdftex.def)             Requested size: 433.62334pt x 325.2175pt.

Overfull \hbox (6.832pt too wide) in paragraph at lines 268--269
 [][] 
 []

[39] [40 </Users/damian/Documents/Thesis_et_al/Papers/starformation_in_W40/W40i
mages/20150904_freefree_large_contribution.pdf>] [41 </Users/damian/Documents/T
hesis_et_al/Papers/starformation_in_W40/W40images/20150904_W40_freefree_comb.pd
f>] <c4/figs/ffOS2a.pdf, id=2841, 587.19376pt x 442.65375pt>
File: c4/figs/ffOS2a.pdf Graphic file (type pdf)

<use c4/figs/ffOS2a.pdf>
Package pdftex.def Info: c4/figs/ffOS2a.pdf used on input line 301.
(pdftex.def)             Requested size: 293.59616pt x 221.32632pt.
 [42]
Overfull \hbox (97.30241pt too wide) in paragraph at lines 334--344
[][]  
 []


Package Fancyhdr Warning: \headheight is too small (13.59999pt): 
 Make it at least 25.1534pt.
 We now make it that large for the rest of the document.
 This may cause the page layout to be inconsistent, however.

[43 <./c4/figs/ffOS2a.pdf>]
Overfull \hbox (32.87273pt too wide) in paragraph at lines 365--375
[][]  
 []

[44] [45] [46]) [47]
\openout2 = `c5/chapter5.aux'.

 (./c5/chapter5.tex
Chapter 5.

</Users/damian/Documents/Thesis_et_al/images/20131228_FluxRatio.pdf, id=2965, 7
22.7pt x 542.025pt>
File: /Users/damian/Documents/Thesis_et_al/images/20131228_FluxRatio.pdf Graphi
c file (type pdf)

<use /Users/damian/Documents/Thesis_et_al/images/20131228_FluxRatio.pdf>
Package pdftex.def Info: /Users/damian/Documents/Thesis_et_al/images/20131228_F
luxRatio.pdf used on input line 30.
(pdftex.def)             Requested size: 252.94878pt x 189.71158pt.


Package Fancyhdr Warning: \fancyhf's `E' option without twoside option is usele
ss on input line 69.

[48



]
Overfull \hbox (6.53174pt too wide) in paragraph at lines 80--86
\OT1/txr/m/n/10.95 The JCMT beam can be mod-elled as two Gaus-sian com-po-nents
 ([][]Drabek et al.[], []2012[][]; []Dempsey
 []

[49 </Users/damian/Documents/Thesis_et_al/images/20131228_FluxRatio.pdf>]

LaTeX Warning: Reference `table:beams' on page 50 undefined on input line 89.


./c5/chapter5.tex:135: LaTeX Error: Environment figure( undefined.

See the LaTeX manual or LaTeX Companion for explanation.
Type  H <return>  for immediate help.
 ...                                              
                                                  
l.135 \begin{figure(}
                     
? 

</Users/damian/Documents/Thesis_et_al/images/temp_flowchart_simple.pdf, id=3031
, 542.025pt x 722.7pt>
File: /Users/damian/Documents/Thesis_et_al/images/temp_flowchart_simple.pdf Gra
phic file (type pdf)

<use /Users/damian/Documents/Thesis_et_al/images/temp_flowchart_simple.pdf>
Package pdftex.def Info: /Users/damian/Documents/Thesis_et_al/images/temp_flowc
hart_simple.pdf used on input line 137.
(pdftex.def)             Requested size: 271.01183pt x 361.3491pt.


./c5/chapter5.tex:138: Package caption Error: \caption outside float.

See the caption package documentation for explanation.
Type  H <return>  for immediate help.
 ...                                              
                                                  
l.138 \caption
              {A flow chart providing a simplified description of the ratio ...

? 
[50]
./c5/chapter5.tex:141: Extra }, or forgotten \endgroup.
\@endfloatbox ...pagefalse \outer@nobreak \egroup 
                                                  \color@endbox 
l.141 \end{figure*}
                   
? 
./c5/chapter5.tex:141: Extra }, or forgotten \endgroup.
\color@endbox ->\color@endgroup \egroup 
                                        
l.141 \end{figure*}
                   
? 

./c5/chapter5.tex:141: LaTeX Error: \begin{enumerate} on input line 418 ended b
y \end{figure*}.

See the LaTeX manual or LaTeX Companion for explanation.
Type  H <return>  for immediate help.
 ...                                              
                                                  
l.141 \end{figure*}
                   
? 

LaTeX Warning: Reference `table:beams' on page 51 undefined on input line 149.

[51 </Users/damian/Documents/Thesis_et_al/images/temp_flowchart_simple.pdf>]

LaTeX Warning: File `20140718_MWC297_tempcomp.jpeg' not found on input line 224
.


./c5/chapter5.tex:224: Package pdftex.def Error: File `20140718_MWC297_tempcomp
.jpeg' not found.

See the pdftex.def package documentation for explanation.
Type  H <return>  for immediate help.
 ...                                              
                                                  
l.224 ...scale=0.7]{20140718_MWC297_tempcomp.jpeg}
                                                  
? 

</Users/damian/Documents/Thesis_et_al/images/20140718_MWC297_tempcomp.pdf, id=3
214, 668.4975pt x 341.275pt>
File: /Users/damian/Documents/Thesis_et_al/images/20140718_MWC297_tempcomp.pdf 
Graphic file (type pdf)

<use /Users/damian/Documents/Thesis_et_al/images/20140718_MWC297_tempcomp.pdf>
Package pdftex.def Info: /Users/damian/Documents/Thesis_et_al/images/20140718_M
WC297_tempcomp.pdf used on input line 239.
(pdftex.def)             Requested size: 467.94505pt x 238.89085pt.

Overfull \hbox (41.15372pt too wide) in paragraph at lines 239--241
 [] 
 []


</Users/damian/Documents/Thesis_et_al/images/20140618_mwc297_contamination.pdf,
 id=3215, 722.7pt x 341.275pt>
File: /Users/damian/Documents/Thesis_et_al/images/20140618_mwc297_contamination
.pdf Graphic file (type pdf)

<use /Users/damian/Documents/Thesis_et_al/images/20140618_mwc297_contamination.
pdf>
Package pdftex.def Info: /Users/damian/Documents/Thesis_et_al/images/20140618_m
wc297_contamination.pdf used on input line 248.
(pdftex.def)             Requested size: 505.88655pt x 238.89085pt.

Overfull \hbox (79.09521pt too wide) in paragraph at lines 248--249
 [] 
 []

[52] [53]) [54 </Users/damian/Documents/Thesis_et_al/images/20140718_MWC297_tem
pcomp.pdf>] [55 </Users/damian/Documents/Thesis_et_al/images/20140618_mwc297_co
ntamination.pdf>]
\openout2 = `c6/chapter6.aux'.

 (./c6/chapter6.tex
Chapter 6.

</Users/damian/Documents/Thesis_et_al/images/20140820_MWC297_tri_panel.pdf, id=
3322, 588.1975pt x 542.025pt>
File: /Users/damian/Documents/Thesis_et_al/images/20140820_MWC297_tri_panel.pdf
 Graphic file (type pdf)

<use /Users/damian/Documents/Thesis_et_al/images/20140820_MWC297_tri_panel.pdf>
Package pdftex.def Info: /Users/damian/Documents/Thesis_et_al/images/20140820_M
WC297_tri_panel.pdf used on input line 10.
(pdftex.def)             Requested size: 411.73544pt x 379.4149pt.

Overfull \hbox (0.90492pt too wide) in paragraph at lines 28--33
[][]\OT1/txr/m/n/10.95 Men'shchikov et al.[] ([]2010[]) in-fer tem-per-a-ture v
ari-a-tion from con-trast-ing strengths of 350$ \OML/txmi/m/it/10.95 ^^V\OT1/tx
r/m/n/10.95 m$
 []


Package Fancyhdr Warning: \fancyhf's `E' option without twoside option is usele
ss on input line 47.

[56



] [57 </Users/damian/Documents/Thesis_et_al/images/20140820_MWC297_tri_panel.pd
f>] [58] [59]
Overfull \hbox (190.3502pt too wide) in paragraph at lines 191--226
 [] 
 []


</Users/damian/Documents/Thesis_et_al/images/20140820_MassRatio.pdf, id=3439, 5
87.19376pt x 442.65375pt>
File: /Users/damian/Documents/Thesis_et_al/images/20140820_MassRatio.pdf Graphi
c file (type pdf)

<use /Users/damian/Documents/Thesis_et_al/images/20140820_MassRatio.pdf>
Package pdftex.def Info: /Users/damian/Documents/Thesis_et_al/images/20140820_M
assRatio.pdf used on input line 246.
(pdftex.def)             Requested size: 264.23474pt x 199.19234pt.

[60 </Users/damian/Documents/Thesis_et_al/images/20140820_MassRatio.pdf>]
[61] [62] [63] [64]
Overfull \hbox (150.72176pt too wide) in paragraph at lines 527--546
 [] 
 []


Underfull \hbox (badness 10000) in paragraph at lines 594--596

 []


</Users/damian/Documents/Thesis_et_al/images/20140718_MWC297_SEDs_fit.pdf, id=3
588, 341.275pt x 482.80376pt>
File: /Users/damian/Documents/Thesis_et_al/images/20140718_MWC297_SEDs_fit.pdf 
Graphic file (type pdf)

<use /Users/damian/Documents/Thesis_et_al/images/20140718_MWC297_SEDs_fit.pdf>
Package pdftex.def Info: /Users/damian/Documents/Thesis_et_al/images/20140718_M
WC297_SEDs_fit.pdf used on input line 648.
(pdftex.def)             Requested size: 409.52794pt x 579.36162pt.


LaTeX Warning: Float too large for page by 0.0955pt on input line 652.

[65] [66] [67] [68] [69 </Users/damian/Documents/Thesis_et_al/images/20140718_M
WC297_SEDs_fit.pdf>] [70]
</Users/damian/Documents/Thesis_et_al/images/20140822_class.pdf, id=3725, 1422.
31375pt x 569.12625pt>
File: /Users/damian/Documents/Thesis_et_al/images/20140822_class.pdf Graphic fi
le (type pdf)

<use /Users/damian/Documents/Thesis_et_al/images/20140822_class.pdf>
Package pdftex.def Info: /Users/damian/Documents/Thesis_et_al/images/20140822_c
lass.pdf used on input line 803.
(pdftex.def)             Requested size: 497.81728pt x 199.19717pt.

Overfull \hbox (71.02594pt too wide) in paragraph at lines 803--805
 [] 
 []

[71] [72 </Users/damian/Documents/Thesis_et_al/images/20140822_class.pdf>]
[73] [74]
./c6/chapter6.tex:1021: Undefined control sequence.
l.1021 on RA(J2000) = $18^{h}$ $28^{m}$ $13{\farcs
                                                  }8$, Dec. (J2000) = $-03^{...

? 

Underfull \hbox (badness 10000) in paragraph at lines 1028--1038

 []

[75])
Underfull \hbox (badness 10000) in paragraph at lines 1074--282

 []

[76]
\openout2 = `c7/chapter7.aux'.

 (./c7/chapter7.tex
Chapter 7.

LaTeX Warning: Reference `fig:alpha' on page 77 undefined on input line 6.


Package Fancyhdr Warning: \fancyhf's `E' option without twoside option is usele
ss on input line 37.

[77



]
</Users/damian/Documents/Thesis_et_al/Papers/starformation_in_W40/W40images/201
50904_temperature+H70.pdf, id=3867, 454.69875pt x 463.7325pt>
File: /Users/damian/Documents/Thesis_et_al/Papers/starformation_in_W40/W40image
s/20150904_temperature+H70.pdf Graphic file (type pdf)

<use /Users/damian/Documents/Thesis_et_al/Papers/starformation_in_W40/W40images
/20150904_temperature+H70.pdf>
Package pdftex.def Info: /Users/damian/Documents/Thesis_et_al/Papers/starformat
ion_in_W40/W40images/20150904_temperature+H70.pdf used on input line 42.
(pdftex.def)             Requested size: 454.69763pt x 463.73135pt.

Overfull \hbox (27.9063pt too wide) in paragraph at lines 42--43
 [] 
 []


</Users/damian/Documents/Thesis_et_al/Papers/starformation_in_W40/W40images/201
50805_clumpmap.pdf, id=3868, 312.16624pt x 457.71pt>
File: /Users/damian/Documents/Thesis_et_al/Papers/starformation_in_W40/W40image
s/20150805_clumpmap.pdf Graphic file (type pdf)

<use /Users/damian/Documents/Thesis_et_al/Papers/starformation_in_W40/W40images
/20150805_clumpmap.pdf>
Package pdftex.def Info: /Users/damian/Documents/Thesis_et_al/Papers/starformat
ion_in_W40/W40images/20150805_clumpmap.pdf used on input line 50.
(pdftex.def)             Requested size: 187.3012pt x 274.62813pt.

</Users/damian/Documents/Thesis_et_al/Papers/starformation_in_W40/W40images/201
50902_histogramresults.pdf, id=3873, 722.7pt x 542.025pt>
File: /Users/damian/Documents/Thesis_et_al/Papers/starformation_in_W40/W40image
s/20150902_histogramresults.pdf Graphic file (type pdf)

<use /Users/damian/Documents/Thesis_et_al/Papers/starformation_in_W40/W40images
/20150902_histogramresults.pdf>
Package pdftex.def Info: /Users/damian/Documents/Thesis_et_al/Papers/starformat
ion_in_W40/W40images/20150902_histogramresults.pdf used on input line 67.
(pdftex.def)             Requested size: 361.3491pt x 271.01183pt.

Overfull \hbox (134.64651pt too wide) in paragraph at lines 75--93
[][]  
 []

[78] [79 </Users/damian/Documents/Thesis_et_al/Papers/starformation_in_W40/W40i
mages/20150904_temperature+H70.pdf>]
Overfull \hbox (166.92406pt too wide) in paragraph at lines 124--142
[][]  
 []

[80 </Users/damian/Documents/Thesis_et_al/Papers/starformation_in_W40/W40images
/20150805_clumpmap.pdf>] [81 </Users/damian/Documents/Thesis_et_al/Papers/starf
ormation_in_W40/W40images/20150902_histogramresults.pdf>] [82] [83]
</Users/damian/Documents/Thesis_et_al/Papers/starformation_in_W40/W40images/201
50819_CD+YSO.pdf, id=4039, 542.025pt x 673.51625pt>
File: /Users/damian/Documents/Thesis_et_al/Papers/starformation_in_W40/W40image
s/20150819_CD+YSO.pdf Graphic file (type pdf)

<use /Users/damian/Documents/Thesis_et_al/Papers/starformation_in_W40/W40images
/20150819_CD+YSO.pdf>
Package pdftex.def Info: /Users/damian/Documents/Thesis_et_al/Papers/starformat
ion_in_W40/W40images/20150819_CD+YSO.pdf used on input line 282.
(pdftex.def)             Requested size: 216.80615pt x 269.40172pt.
 [84] [85 </Users/damian/Documents/Thesis_et_al/Papers/starformation_in_W40/W40
images/20150819_CD+YSO.pdf>] [86]
</Users/damian/Documents/Thesis_et_al/Papers/starformation_in_W40/W40images/201
50809_herschel.pdf, id=4099, 722.7pt x 542.025pt>
File: /Users/damian/Documents/Thesis_et_al/Papers/starformation_in_W40/W40image
s/20150809_herschel.pdf Graphic file (type pdf)

<use /Users/damian/Documents/Thesis_et_al/Papers/starformation_in_W40/W40images
/20150809_herschel.pdf>
Package pdftex.def Info: /Users/damian/Documents/Thesis_et_al/Papers/starformat
ion_in_W40/W40images/20150809_herschel.pdf used on input line 414.
(pdftex.def)             Requested size: 397.48622pt x 298.11467pt.


LaTeX Warning: Reference `fig:outflows' on page 87 undefined on input line 455.


[87] [88 </Users/damian/Documents/Thesis_et_al/Papers/starformation_in_W40/W40i
mages/20150809_herschel.pdf>] [89]
</Users/damian/Documents/Thesis_et_al/Papers/starformation_in_W40/W40images/201
50821_scatterresults.pdf, id=4205, 542.025pt x 543.02875pt>
File: /Users/damian/Documents/Thesis_et_al/Papers/starformation_in_W40/W40image
s/20150821_scatterresults.pdf Graphic file (type pdf)

<use /Users/damian/Documents/Thesis_et_al/Papers/starformation_in_W40/W40images
/20150821_scatterresults.pdf>
Package pdftex.def Info: /Users/damian/Documents/Thesis_et_al/Papers/starformat
ion_in_W40/W40images/20150821_scatterresults.pdf used on input line 505.
(pdftex.def)             Requested size: 189.71158pt x 190.0629pt.

Overfull \hbox (9.59825pt too wide) in paragraph at lines 513--520
\OT1/txr/m/n/10.95 Addressing in-ter-nal sources of ra-dia-tive feed-back re-qu
ires an as-sess-ment of em-bed-ded star-formation
 []

[90 </Users/damian/Documents/Thesis_et_al/Papers/starformation_in_W40/W40images
/20150821_scatterresults.pdf>]

LaTeX Warning: Reference `fig:outflows' on page 91 undefined on input line 567.


[91]

LaTeX Warning: Reference `fig:outflows' on page 92 undefined on input line 644.


[92]
</Users/damian/Documents/Thesis_et_al/Papers/starformation_in_W40/W40images/201
50904_YSOs.pdf, id=4272, 722.7pt x 491.8375pt>
File: /Users/damian/Documents/Thesis_et_al/Papers/starformation_in_W40/W40image
s/20150904_YSOs.pdf Graphic file (type pdf)

<use /Users/damian/Documents/Thesis_et_al/Papers/starformation_in_W40/W40images
/20150904_YSOs.pdf>
Package pdftex.def Info: /Users/damian/Documents/Thesis_et_al/Papers/starformat
ion_in_W40/W40images/20150904_YSOs.pdf used on input line 679.
(pdftex.def)             Requested size: 397.48622pt x 270.51146pt.
 [93 </Users/damian/Documents/Thesis_et_al/Papers/starformation_in_W40/W40image
s/20150904_YSOs.pdf>]
</Users/damian/Documents/Thesis_et_al/Papers/starformation_in_W40/W40images/201
50908_SMM1.pdf, id=4319, 542.025pt x 722.7pt>
File: /Users/damian/Documents/Thesis_et_al/Papers/starformation_in_W40/W40image
s/20150908_SMM1.pdf Graphic file (type pdf)

<use /Users/damian/Documents/Thesis_et_al/Papers/starformation_in_W40/W40images
/20150908_SMM1.pdf>
Package pdftex.def Info: /Users/damian/Documents/Thesis_et_al/Papers/starformat
ion_in_W40/W40images/20150908_SMM1.pdf used on input line 729.
(pdftex.def)             Requested size: 189.71158pt x 252.94878pt.


LaTeX Warning: Reference `fig:outflows' on page 94 undefined on input line 750.


[94] [95 </Users/damian/Documents/Thesis_et_al/Papers/starformation_in_W40/W40i
mages/20150908_SMM1.pdf>]

LaTeX Warning: Reference `fig:outflows' on page 96 undefined on input line 786.


[96]
</Users/damian/Documents/Thesis_et_al/Papers/starformation_in_W40/W40images/201
50821_jeansresults.pdf, id=4382, 651.43375pt x 542.025pt>
File: /Users/damian/Documents/Thesis_et_al/Papers/starformation_in_W40/W40image
s/20150821_jeansresults.pdf Graphic file (type pdf)

<use /Users/damian/Documents/Thesis_et_al/Papers/starformation_in_W40/W40images
/20150821_jeansresults.pdf>
Package pdftex.def Info: /Users/damian/Documents/Thesis_et_al/Papers/starformat
ion_in_W40/W40images/20150821_jeansresults.pdf used on input line 813.
(pdftex.def)             Requested size: 195.43163pt x 162.60875pt.


LaTeX Warning: Reference `fig:outflows' on page 97 undefined on input line 838.


[97 </Users/damian/Documents/Thesis_et_al/Papers/starformation_in_W40/W40images
/20150821_jeansresults.pdf>] [98]

LaTeX Warning: Reference `fig:outflows' on page 99 undefined on input line 894.


[99] [100]) [101] [102]
\openout2 = `c8/chapter8.aux'.

 (./c8/chapter8.tex
Chapter 8.
)

Package Fancyhdr Warning: \fancyhf's `E' option without twoside option is usele
ss on input line 288.

[103



]
\openout2 = `cF/conclusions.aux'.

 (./cF/conclusions.tex
Chapter 9.
)

Package Fancyhdr Warning: \fancyhf's `E' option without twoside option is usele
ss on input line 291.

[104



] (./thesis.bbl

Package Fancyhdr Warning: \fancyhf's `E' option without twoside option is usele
ss on input line 99.

[105


] [106]
./thesis.bbl:300: Undefined control sequence.
l.300 {Ebert} R.,  1955, \zap
                             , 37, 217
? 
[107] [108]
Runaway argument?
\protect \citeauthoryear {{Harvey}, {Chapman}, {Lai}, {Evans} II, {Al\ETC.
./thesis.bbl:446: Paragraph ended before \@lbibitem was complete.
<to be read again> 
                   \par 
l.446 
      
? 
[109] [110]
Runaway argument?
\protect \citeauthoryear {{Mora}, {Mer{\'{\i }}n}, {Solano}, {Montesi\ETC.
./thesis.bbl:739: Paragraph ended before \@lbibitem was complete.
<to be read again> 
                   \par 
l.739 
      
? 
[111] [112] [113] [114]
./thesis.bbl:1152: Undefined control sequence.
l.1152 ...,  {Wu} Y.-F.,    {Wei} Y.,  2006, \cjaa
                                                  , 6, 61
? 
)
No file thesis.ind.

Package natbib Warning: There were undefined citations.

Package atveryend Info: Empty hook `BeforeClearDocument' on input line 311.
[115]
Package atveryend Info: Empty hook `AfterLastShipout' on input line 311.
 (./thesis.aux (./ab/abstract.aux) (./declaration.aux)
(./acknowledgements.aux) (./c1/intro.aux) (./c2/chapter2.aux)
(./c3/chapter3.aux) (./c4/chapter4.aux) (./c5/chapter5.aux) (./c6/chapter6.aux)
(./c7/chapter7.aux) (./c8/chapter8.aux) (./cF/conclusions.aux))
Package atveryend Info: Executing hook `AtVeryEndDocument' on input line 311.
Package atveryend Info: Executing hook `AtEndAfterFileList' on input line 311.
Package rerunfilecheck Info: File `thesis.out' has not changed.
(rerunfilecheck)             Checksum: 65C28CAC6F303D0D0F2ED97CB12C3043;12305.


LaTeX Warning: There were undefined references.


LaTeX Warning: There were multiply-defined labels.

Package atveryend Info: Empty hook `AtVeryVeryEnd' on input line 311.
 ) 
Here is how much of TeX's memory you used:
 10560 strings out of 493488
 164072 string characters out of 3141326
 337882 words of memory out of 3000000
 12894 multiletter control sequences out of 15000+200000
 60378 words of font info for 137 fonts, out of 3000000 for 9000
 957 hyphenation exceptions out of 8191
 36i,13n,59p,1740b,801s stack positions out of 5000i,500n,10000p,200000b,50000s
{/usr/local/texlive/2012/texmf-dist/fonts/enc/dvips/base/8r.enc}</usr/local/t
exlive/2012/texmf-dist/fonts/type1/public/txfonts/rtxb.pfb></usr/local/texlive/
2012/texmf-dist/fonts/type1/public/txfonts/rtxbsc.pfb></usr/local/texlive/2012/
texmf-dist/fonts/type1/public/txfonts/rtxi.pfb></usr/local/texlive/2012/texmf-d
ist/fonts/type1/public/txfonts/rtxmi.pfb></usr/local/texlive/2012/texmf-dist/fo
nts/type1/public/txfonts/rtxr.pfb></usr/local/texlive/2012/texmf-dist/fonts/typ
e1/public/txfonts/rtxsc.pfb></usr/local/texlive/2012/texmf-dist/fonts/type1/pub
lic/txfonts/txex.pfb></usr/local/texlive/2012/texmf-dist/fonts/type1/public/txf
onts/txsy.pfb></usr/local/texlive/2012/texmf-dist/fonts/type1/public/txfonts/tx
sya.pfb></usr/local/texlive/2012/texmf-dist/fonts/type1/public/txfonts/txtt.pfb
></usr/local/texlive/2012/texmf-dist/fonts/type1/urw/bookman/ubkd8a.pfb></usr/l
ocal/texlive/2012/texmf-dist/fonts/type1/urw/times/utmb8a.pfb></usr/local/texli
ve/2012/texmf-dist/fonts/type1/urw/times/utmr8a.pfb></usr/local/texlive/2012/te
xmf-dist/fonts/type1/urw/times/utmr8a.pfb></usr/local/texlive/2012/texmf-dist/f
onts/type1/urw/times/utmri8a.pfb>
Output written on thesis.pdf (132 pages, 17159421 bytes).
PDF statistics:
 4709 PDF objects out of 5155 (max. 8388607)
 4059 compressed objects within 41 object streams
 632 named destinations out of 1000 (max. 500000)
 1551 words of extra memory for PDF output out of 10000 (max. 10000000)

